[debug] [2020-01-22T21:13:48.846Z] ----------------------------------------------------------------------
[debug] [2020-01-22T21:13:48.848Z] Command:       /usr/local/bin/node /usr/local/bin/firebase init
[debug] [2020-01-22T21:13:48.848Z] CLI Version:   7.12.1
[debug] [2020-01-22T21:13:48.848Z] Platform:      darwin
[debug] [2020-01-22T21:13:48.848Z] Node Version:  v12.4.0
[debug] [2020-01-22T21:13:48.849Z] Time:          Wed Jan 22 2020 16:13:48 GMT-0500 (Eastern Standard Time)
[debug] [2020-01-22T21:13:48.849Z] ----------------------------------------------------------------------
[debug] [2020-01-22T21:13:48.849Z] 
[debug] [2020-01-22T21:13:48.857Z] > command requires scopes: ["email","openid","https://www.googleapis.com/auth/cloudplatformprojects.readonly","https://www.googleapis.com/auth/firebase","https://www.googleapis.com/auth/cloud-platform"]
[debug] [2020-01-22T21:13:48.857Z] > authorizing via signed-in user
[info] 
     ######## #### ########  ######## ########     ###     ######  ########
     ##        ##  ##     ## ##       ##     ##  ##   ##  ##       ##
     ######    ##  ########  ######   ########  #########  ######  ######
     ##        ##  ##    ##  ##       ##     ## ##     ##       ## ##
     ##       #### ##     ## ######## ########  ##     ##  ######  ########

You're about to initialize a Firebase project in this directory:

  /Users/austinloudermilk/Documents/Documents - Austin’s MacBook Pro/github/Y3K

[info] 
=== Project Setup
[info] 
[info] First, let's associate this project directory with a Firebase project.
[info] You can create multiple project aliases by running firebase use --add, 
[info] but for now we'll just set up a default project.
[info] 
[debug] [2020-01-22T21:14:03.591Z] > refreshing access token with scopes: ["email","https://www.googleapis.com/auth/cloud-platform","https://www.googleapis.com/auth/cloudplatformprojects.readonly","https://www.googleapis.com/auth/firebase","openid"]
[debug] [2020-01-22T21:14:03.592Z] >>> HTTP REQUEST POST https://www.googleapis.com/oauth2/v3/token  
 <request body omitted>
[debug] [2020-01-22T21:14:03.749Z] <<< HTTP RESPONSE 400
[debug] [2020-01-22T21:14:03.750Z] >>> HTTP REQUEST GET https://firebase.googleapis.com/v1beta1/projects?pageSize=100  
 
[debug] [2020-01-22T21:14:03.872Z] <<< HTTP RESPONSE 401
[debug] [2020-01-22T21:14:03.872Z] <<< HTTP RESPONSE BODY
[debug] [2020-01-22T21:14:03.873Z] HTTP Error: 401, Request had invalid authentication credentials. Expected OAuth 2 access token, login cookie or other valid authentication credential. See https://developers.google.com/identity/sign-in/web/devconsole-project.
[debug] [2020-01-22T21:14:04.003Z] FirebaseError: HTTP Error: 401, Request had invalid authentication credentials. Expected OAuth 2 access token, login cookie or other valid authentication credential. See https://developers.google.com/identity/sign-in/web/devconsole-project.
    at module.exports (/usr/local/lib/node_modules/firebase-tools/lib/responseToError.js:38:12)
    at Request._callback (/usr/local/lib/node_modules/firebase-tools/lib/api.js:39:35)
    at Request.self.callback (/usr/local/lib/node_modules/firebase-tools/node_modules/request/request.js:185:22)
    at Request.emit (events.js:200:13)
    at Request.EventEmitter.emit (domain.js:471:20)
    at Request.<anonymous> (/usr/local/lib/node_modules/firebase-tools/node_modules/request/request.js:1161:10)
    at Request.emit (events.js:200:13)
    at Request.EventEmitter.emit (domain.js:471:20)
    at IncomingMessage.<anonymous> (/usr/local/lib/node_modules/firebase-tools/node_modules/request/request.js:1083:12)
    at Object.onceWrapper (events.js:288:20)
    at IncomingMessage.emit (events.js:205:15)
    at IncomingMessage.EventEmitter.emit (domain.js:471:20)
    at endReadableNT (_stream_readable.js:1154:12)
    at processTicksAndRejections (internal/process/task_queues.js:84:9)
[error] 
[error] Error: Failed to list Firebase projects. See firebase-debug.log for more info.
[debug] [2020-01-22T21:14:08.212Z] ----------------------------------------------------------------------
[debug] [2020-01-22T21:14:08.214Z] Command:       /usr/local/bin/node /usr/local/bin/firebase init
[debug] [2020-01-22T21:14:08.214Z] CLI Version:   7.12.1
[debug] [2020-01-22T21:14:08.214Z] Platform:      darwin
[debug] [2020-01-22T21:14:08.214Z] Node Version:  v12.4.0
[debug] [2020-01-22T21:14:08.215Z] Time:          Wed Jan 22 2020 16:14:08 GMT-0500 (Eastern Standard Time)
[debug] [2020-01-22T21:14:08.215Z] ----------------------------------------------------------------------
[debug] [2020-01-22T21:14:08.215Z] 
[debug] [2020-01-22T21:14:08.221Z] > command requires scopes: ["email","openid","https://www.googleapis.com/auth/cloudplatformprojects.readonly","https://www.googleapis.com/auth/firebase","https://www.googleapis.com/auth/cloud-platform"]
[debug] [2020-01-22T21:14:08.221Z] > authorizing via signed-in user
[info] 
     ######## #### ########  ######## ########     ###     ######  ########
     ##        ##  ##     ## ##       ##     ##  ##   ##  ##       ##
     ######    ##  ########  ######   ########  #########  ######  ######
     ##        ##  ##    ##  ##       ##     ## ##     ##       ## ##
     ##       #### ##     ## ######## ########  ##     ##  ######  ########

You're about to initialize a Firebase project in this directory:

  /Users/austinloudermilk/Documents/Documents - Austin’s MacBook Pro/github/Y3K

[info] 
=== Project Setup
[info] 
[info] First, let's associate this project directory with a Firebase project.
[info] You can create multiple project aliases by running firebase use --add, 
[info] but for now we'll just set up a default project.
[info] 
[debug] [2020-01-22T21:14:35.943Z] > refreshing access token with scopes: ["email","https://www.googleapis.com/auth/cloud-platform","https://www.googleapis.com/auth/cloudplatformprojects.readonly","https://www.googleapis.com/auth/firebase","openid"]
[debug] [2020-01-22T21:14:35.943Z] >>> HTTP REQUEST POST https://www.googleapis.com/oauth2/v3/token  
 <request body omitted>
[debug] [2020-01-22T21:14:36.117Z] <<< HTTP RESPONSE 400
[debug] [2020-01-22T21:14:36.119Z] >>> HTTP REQUEST GET https://firebase.googleapis.com/v1beta1/projects?pageSize=100  
 
[debug] [2020-01-22T21:14:36.238Z] <<< HTTP RESPONSE 401
[debug] [2020-01-22T21:14:36.239Z] <<< HTTP RESPONSE BODY
[debug] [2020-01-22T21:14:36.240Z] HTTP Error: 401, Request had invalid authentication credentials. Expected OAuth 2 access token, login cookie or other valid authentication credential. See https://developers.google.com/identity/sign-in/web/devconsole-project.
[debug] [2020-01-22T21:14:36.324Z] FirebaseError: HTTP Error: 401, Request had invalid authentication credentials. Expected OAuth 2 access token, login cookie or other valid authentication credential. See https://developers.google.com/identity/sign-in/web/devconsole-project.
    at module.exports (/usr/local/lib/node_modules/firebase-tools/lib/responseToError.js:38:12)
    at Request._callback (/usr/local/lib/node_modules/firebase-tools/lib/api.js:39:35)
    at Request.self.callback (/usr/local/lib/node_modules/firebase-tools/node_modules/request/request.js:185:22)
    at Request.emit (events.js:200:13)
    at Request.EventEmitter.emit (domain.js:471:20)
    at Request.<anonymous> (/usr/local/lib/node_modules/firebase-tools/node_modules/request/request.js:1161:10)
    at Request.emit (events.js:200:13)
    at Request.EventEmitter.emit (domain.js:471:20)
    at IncomingMessage.<anonymous> (/usr/local/lib/node_modules/firebase-tools/node_modules/request/request.js:1083:12)
    at Object.onceWrapper (events.js:288:20)
    at IncomingMessage.emit (events.js:205:15)
    at IncomingMessage.EventEmitter.emit (domain.js:471:20)
    at endReadableNT (_stream_readable.js:1154:12)
    at processTicksAndRejections (internal/process/task_queues.js:84:9)
[error] 
[error] Error: Failed to list Firebase projects. See firebase-debug.log for more info.
